1    [XML-RPC-0] ERROR org.apache.xmlrpc.server.XmlRpcStreamServer - execute: Error while performing request
org.apache.xmlrpc.common.XmlRpcInvocationException: Failed to invoke method execute in class com.nantic.jasperreports.JasperServer: Byte data not found at: logo sige .png.
	at org.apache.xmlrpc.server.ReflectiveXmlRpcHandler.invoke(ReflectiveXmlRpcHandler.java:126)
	at org.apache.xmlrpc.server.ReflectiveXmlRpcHandler.execute(ReflectiveXmlRpcHandler.java:103)
	at org.apache.xmlrpc.server.XmlRpcServerWorker.execute(XmlRpcServerWorker.java:43)
	at org.apache.xmlrpc.server.XmlRpcServer.execute(XmlRpcServer.java:83)
	at org.apache.xmlrpc.server.XmlRpcStreamServer.execute(XmlRpcStreamServer.java:191)
	at org.apache.xmlrpc.webserver.Connection.run(Connection.java:205)
	at org.apache.xmlrpc.util.ThreadPool$Poolable$1.run(ThreadPool.java:68)
Caused by: net.sf.jasperreports.engine.JRException: Byte data not found at: logo sige .png.
	at net.sf.jasperreports.repo.RepositoryUtil.getBytesFromLocation(RepositoryUtil.java:210)
	at net.sf.jasperreports.renderers.util.RendererUtil.getNonLazyRenderable(RendererUtil.java:172)
	at net.sf.jasperreports.engine.fill.JRFillImage.evaluateImage(JRFillImage.java:554)
	at net.sf.jasperreports.engine.fill.JRFillImage.evaluate(JRFillImage.java:485)
	at net.sf.jasperreports.engine.fill.JRFillElementContainer.evaluate(JRFillElementContainer.java:383)
	at net.sf.jasperreports.engine.fill.JRFillFrame.evaluate(JRFillFrame.java:159)
	at net.sf.jasperreports.engine.fill.JRFillElementContainer.evaluate(JRFillElementContainer.java:383)
	at net.sf.jasperreports.engine.fill.JRFillBand.evaluate(JRFillBand.java:533)
	at net.sf.jasperreports.engine.fill.JRVerticalFiller.fillTitle(JRVerticalFiller.java:308)
	at net.sf.jasperreports.engine.fill.JRVerticalFiller.fillReportStart(JRVerticalFiller.java:244)
	at net.sf.jasperreports.engine.fill.JRVerticalFiller.fillReport(JRVerticalFiller.java:99)
	at net.sf.jasperreports.engine.fill.JRBaseFiller.fill(JRBaseFiller.java:609)
	at net.sf.jasperreports.engine.fill.BaseReportFiller.fill(BaseReportFiller.java:405)
	at net.sf.jasperreports.engine.fill.JRFiller.fill(JRFiller.java:140)
	at net.sf.jasperreports.engine.JasperFillManager.fill(JasperFillManager.java:667)
	at net.sf.jasperreports.engine.JasperFillManager.fillReport(JasperFillManager.java:983)
	at com.nantic.jasperreports.JasperServer.privateExecute(JasperServer.java:221)
	at com.nantic.jasperreports.JasperServer.execute(JasperServer.java:130)
	at sun.reflect.NativeMethodAccessorImpl.invoke0(Native Method)
	at sun.reflect.NativeMethodAccessorImpl.invoke(NativeMethodAccessorImpl.java:62)
	at sun.reflect.DelegatingMethodAccessorImpl.invoke(DelegatingMethodAccessorImpl.java:43)
	at java.lang.reflect.Method.invoke(Method.java:498)
	at org.apache.xmlrpc.server.ReflectiveXmlRpcHandler.invoke(ReflectiveXmlRpcHandler.java:112)
	... 6 more
Caused by:
net.sf.jasperreports.engine.JRException: Byte data not found at: logo sige .png.
	at net.sf.jasperreports.repo.RepositoryUtil.getBytesFromLocation(RepositoryUtil.java:210)
	at net.sf.jasperreports.renderers.util.RendererUtil.getNonLazyRenderable(RendererUtil.java:172)
	at net.sf.jasperreports.engine.fill.JRFillImage.evaluateImage(JRFillImage.java:554)
	at net.sf.jasperreports.engine.fill.JRFillImage.evaluate(JRFillImage.java:485)
	at net.sf.jasperreports.engine.fill.JRFillElementContainer.evaluate(JRFillElementContainer.java:383)
	at net.sf.jasperreports.engine.fill.JRFillFrame.evaluate(JRFillFrame.java:159)
	at net.sf.jasperreports.engine.fill.JRFillElementContainer.evaluate(JRFillElementContainer.java:383)
	at net.sf.jasperreports.engine.fill.JRFillBand.evaluate(JRFillBand.java:533)
	at net.sf.jasperreports.engine.fill.JRVerticalFiller.fillTitle(JRVerticalFiller.java:308)
	at net.sf.jasperreports.engine.fill.JRVerticalFiller.fillReportStart(JRVerticalFiller.java:244)
	at net.sf.jasperreports.engine.fill.JRVerticalFiller.fillReport(JRVerticalFiller.java:99)
	at net.sf.jasperreports.engine.fill.JRBaseFiller.fill(JRBaseFiller.java:609)
	at net.sf.jasperreports.engine.fill.BaseReportFiller.fill(BaseReportFiller.java:405)
	at net.sf.jasperreports.engine.fill.JRFiller.fill(JRFiller.java:140)
	at net.sf.jasperreports.engine.JasperFillManager.fill(JasperFillManager.java:667)
	at net.sf.jasperreports.engine.JasperFillManager.fillReport(JasperFillManager.java:983)
	at com.nantic.jasperreports.JasperServer.privateExecute(JasperServer.java:221)
	at com.nantic.jasperreports.JasperServer.execute(JasperServer.java:130)
	at sun.reflect.NativeMethodAccessorImpl.invoke0(Native Method)
	at sun.reflect.NativeMethodAccessorImpl.invoke(NativeMethodAccessorImpl.java:62)
	at sun.reflect.DelegatingMethodAccessorImpl.invoke(DelegatingMethodAccessorImpl.java:43)
	at java.lang.reflect.Method.invoke(Method.java:498)
	at org.apache.xmlrpc.server.ReflectiveXmlRpcHandler.invoke(ReflectiveXmlRpcHandler.java:112)
	at org.apache.xmlrpc.server.ReflectiveXmlRpcHandler.execute(ReflectiveXmlRpcHandler.java:103)
	at org.apache.xmlrpc.server.XmlRpcServerWorker.execute(XmlRpcServerWorker.java:43)
	at org.apache.xmlrpc.server.XmlRpcServer.execute(XmlRpcServer.java:83)
	at org.apache.xmlrpc.server.XmlRpcStreamServer.execute(XmlRpcStreamServer.java:191)
	at org.apache.xmlrpc.webserver.Connection.run(Connection.java:205)
	at org.apache.xmlrpc.util.ThreadPool$Poolable$1.run(ThreadPool.java:68)
0    [XML-RPC-0] ERROR org.apache.xmlrpc.server.XmlRpcStreamServer - execute: Error while performing request
org.apache.xmlrpc.common.XmlRpcInvocationException: Failed to invoke method execute in class com.nantic.jasperreports.JasperServer: Report design not valid : 
	 1. Parameter not found : XML_DATA_DOCUMENT
	 2. Parameter not found : XML_INPUT_STREAM
	 3. Parameter not found : XML_FILE
	 4. Parameter not found : net.sf.jasperreports.xml.source
	 5. Parameter not found : XML_DATE_PATTERN
	 6. Parameter not found : XML_NUMBER_PATTERN
	 7. Parameter not found : XML_LOCALE
	 8. Parameter not found : XML_TIME_ZONE
	at org.apache.xmlrpc.server.ReflectiveXmlRpcHandler.invoke(ReflectiveXmlRpcHandler.java:126)
	at org.apache.xmlrpc.server.ReflectiveXmlRpcHandler.execute(ReflectiveXmlRpcHandler.java:103)
	at org.apache.xmlrpc.server.XmlRpcServerWorker.execute(XmlRpcServerWorker.java:43)
	at org.apache.xmlrpc.server.XmlRpcServer.execute(XmlRpcServer.java:83)
	at org.apache.xmlrpc.server.XmlRpcStreamServer.execute(XmlRpcStreamServer.java:191)
	at org.apache.xmlrpc.webserver.Connection.run(Connection.java:205)
	at org.apache.xmlrpc.util.ThreadPool$Poolable$1.run(ThreadPool.java:68)
Caused by: net.sf.jasperreports.engine.design.JRValidationException: Report design not valid : 
	 1. Parameter not found : XML_DATA_DOCUMENT
	 2. Parameter not found : XML_INPUT_STREAM
	 3. Parameter not found : XML_FILE
	 4. Parameter not found : net.sf.jasperreports.xml.source
	 5. Parameter not found : XML_DATE_PATTERN
	 6. Parameter not found : XML_NUMBER_PATTERN
	 7. Parameter not found : XML_LOCALE
	 8. Parameter not found : XML_TIME_ZONE
	at net.sf.jasperreports.engine.design.JRAbstractCompiler.verifyDesign(JRAbstractCompiler.java:280)
	at net.sf.jasperreports.engine.design.JRAbstractCompiler.compileReport(JRAbstractCompiler.java:152)
	at net.sf.jasperreports.engine.JasperCompileManager.compile(JasperCompileManager.java:357)
	at net.sf.jasperreports.engine.JasperCompileManager.compileToFile(JasperCompileManager.java:273)
	at net.sf.jasperreports.engine.JasperCompileManager.compileToFile(JasperCompileManager.java:255)
	at net.sf.jasperreports.engine.JasperCompileManager.compileReportToFile(JasperCompileManager.java:554)
	at com.nantic.jasperreports.JasperServer.compile(JasperServer.java:107)
	at com.nantic.jasperreports.JasperServer.privateExecute(JasperServer.java:146)
	at com.nantic.jasperreports.JasperServer.execute(JasperServer.java:130)
	at sun.reflect.NativeMethodAccessorImpl.invoke0(Native Method)
	at sun.reflect.NativeMethodAccessorImpl.invoke(NativeMethodAccessorImpl.java:62)
	at sun.reflect.DelegatingMethodAccessorImpl.invoke(DelegatingMethodAccessorImpl.java:43)
	at java.lang.reflect.Method.invoke(Method.java:498)
	at org.apache.xmlrpc.server.ReflectiveXmlRpcHandler.invoke(ReflectiveXmlRpcHandler.java:112)
	... 6 more
Caused by:
net.sf.jasperreports.engine.design.JRValidationException: Report design not valid : 
	 1. Parameter not found : XML_DATA_DOCUMENT
	 2. Parameter not found : XML_INPUT_STREAM
	 3. Parameter not found : XML_FILE
	 4. Parameter not found : net.sf.jasperreports.xml.source
	 5. Parameter not found : XML_DATE_PATTERN
	 6. Parameter not found : XML_NUMBER_PATTERN
	 7. Parameter not found : XML_LOCALE
	 8. Parameter not found : XML_TIME_ZONE
	at net.sf.jasperreports.engine.design.JRAbstractCompiler.verifyDesign(JRAbstractCompiler.java:280)
	at net.sf.jasperreports.engine.design.JRAbstractCompiler.compileReport(JRAbstractCompiler.java:152)
	at net.sf.jasperreports.engine.JasperCompileManager.compile(JasperCompileManager.java:357)
	at net.sf.jasperreports.engine.JasperCompileManager.compileToFile(JasperCompileManager.java:273)
	at net.sf.jasperreports.engine.JasperCompileManager.compileToFile(JasperCompileManager.java:255)
	at net.sf.jasperreports.engine.JasperCompileManager.compileReportToFile(JasperCompileManager.java:554)
	at com.nantic.jasperreports.JasperServer.compile(JasperServer.java:107)
	at com.nantic.jasperreports.JasperServer.privateExecute(JasperServer.java:146)
	at com.nantic.jasperreports.JasperServer.execute(JasperServer.java:130)
	at sun.reflect.NativeMethodAccessorImpl.invoke0(Native Method)
	at sun.reflect.NativeMethodAccessorImpl.invoke(NativeMethodAccessorImpl.java:62)
	at sun.reflect.DelegatingMethodAccessorImpl.invoke(DelegatingMethodAccessorImpl.java:43)
	at java.lang.reflect.Method.invoke(Method.java:498)
	at org.apache.xmlrpc.server.ReflectiveXmlRpcHandler.invoke(ReflectiveXmlRpcHandler.java:112)
	at org.apache.xmlrpc.server.ReflectiveXmlRpcHandler.execute(ReflectiveXmlRpcHandler.java:103)
	at org.apache.xmlrpc.server.XmlRpcServerWorker.execute(XmlRpcServerWorker.java:43)
	at org.apache.xmlrpc.server.XmlRpcServer.execute(XmlRpcServer.java:83)
	at org.apache.xmlrpc.server.XmlRpcStreamServer.execute(XmlRpcStreamServer.java:191)
	at org.apache.xmlrpc.webserver.Connection.run(Connection.java:205)
	at org.apache.xmlrpc.util.ThreadPool$Poolable$1.run(ThreadPool.java:68)
